<?xml version="1.0" encoding="UTF-8"?>
<!-- Generated by org.testng.reporters.JUnitXMLReporter -->
<testsuite hostname="OF011DT3NSMD6NI" ignored="0" name="Default test" tests="3" failures="0" timestamp="2022-03-05T05:08:10 CST" time="2.435" errors="0">
  <testcase name="addBook" time="1.801" classname="Tests.DataProviderExample"/>
  <testcase name="addBook" time="0.282" classname="Tests.DataProviderExample"/>
  <testcase name="addBook" time="0.322" classname="Tests.DataProviderExample"/>
</testsuite> <!-- Default test -->
