<?xml version="1.0" encoding="UTF-8"?>
<testng-results skipped="0" failed="0" ignored="0" total="1" passed="1">
  <reporter-output>
  </reporter-output>
  <suite name="Default suite" duration-ms="3261" started-at="2022-03-05T04:05:33 CST" finished-at="2022-03-05T04:05:37 CST">
    <groups>
    </groups>
    <test name="Default test" duration-ms="3261" started-at="2022-03-05T04:05:33 CST" finished-at="2022-03-05T04:05:37 CST">
      <class name="WorkshopFiles.ListUser">
        <test-method status="PASS" signature="testListUser()[pri:0, instance:WorkshopFiles.ListUser@2173f6d9]" name="testListUser" duration-ms="3214" started-at="2022-03-05T04:05:33 CST" finished-at="2022-03-05T04:05:37 CST">
          <reporter-output>
          </reporter-output>
        </test-method> <!-- testListUser -->
      </class> <!-- WorkshopFiles.ListUser -->
    </test> <!-- Default test -->
  </suite> <!-- Default suite -->
</testng-results>
