<?xml version="1.0" encoding="UTF-8"?>
<testng-results skipped="0" failed="0" ignored="0" total="3" passed="3">
  <reporter-output>
  </reporter-output>
  <suite name="Default suite" duration-ms="2435" started-at="2022-03-05T05:08:08 CST" finished-at="2022-03-05T05:08:10 CST">
    <groups>
    </groups>
    <test name="Default test" duration-ms="2435" started-at="2022-03-05T05:08:08 CST" finished-at="2022-03-05T05:08:10 CST">
      <class name="Tests.DataProviderExample">
        <test-method status="PASS" signature="addBook(java.lang.String,java.lang.String)[pri:0, instance:Tests.DataProviderExample@57e1b0c]" name="addBook" duration-ms="1801" started-at="2022-03-05T05:08:08 CST" data-provider="booksData" finished-at="2022-03-05T05:08:10 CST">
          <params>
            <param index="0">
              <value>
                <![CDATA[kjhassda]]>
              </value>
            </param>
            <param index="1">
              <value>
                <![CDATA[u712326]]>
              </value>
            </param>
          </params>
          <reporter-output>
          </reporter-output>
        </test-method> <!-- addBook -->
        <test-method status="PASS" signature="addBook(java.lang.String,java.lang.String)[pri:0, instance:Tests.DataProviderExample@57e1b0c]" name="addBook" duration-ms="282" started-at="2022-03-05T05:08:10 CST" data-provider="booksData" finished-at="2022-03-05T05:08:10 CST">
          <params>
            <param index="0">
              <value>
                <![CDATA[jhagssds]]>
              </value>
            </param>
            <param index="1">
              <value>
                <![CDATA[761253783123]]>
              </value>
            </param>
          </params>
          <reporter-output>
          </reporter-output>
        </test-method> <!-- addBook -->
        <test-method status="PASS" signature="addBook(java.lang.String,java.lang.String)[pri:0, instance:Tests.DataProviderExample@57e1b0c]" name="addBook" duration-ms="322" started-at="2022-03-05T05:08:10 CST" data-provider="booksData" finished-at="2022-03-05T05:08:10 CST">
          <params>
            <param index="0">
              <value>
                <![CDATA[jhssgsds]]>
              </value>
            </param>
            <param index="1">
              <value>
                <![CDATA[76125348123]]>
              </value>
            </param>
          </params>
          <reporter-output>
          </reporter-output>
        </test-method> <!-- addBook -->
      </class> <!-- Tests.DataProviderExample -->
    </test> <!-- Default test -->
  </suite> <!-- Default suite -->
</testng-results>
